<?xml version="1.0" encoding="UTF-8"?>
<testng-results skipped="0" failed="0" total="1" passed="1">
  <reporter-output>
  </reporter-output>
  <suite name="Default suite" duration-ms="24849" started-at="2020-02-01T10:58:10Z" finished-at="2020-02-01T10:58:34Z">
    <groups>
    </groups>
    <test name="Default test" duration-ms="24849" started-at="2020-02-01T10:58:10Z" finished-at="2020-02-01T10:58:34Z">
      <class name="com.flipkart.FlipkartLogin">
        <test-method status="PASS" signature="init()[pri:0, instance:com.flipkart.FlipkartLogin@82f6ef]" name="init" duration-ms="24778" started-at="2020-02-01T16:28:10Z" finished-at="2020-02-01T16:28:34Z">
          <reporter-output>
          </reporter-output>
        </test-method> <!-- init -->
      </class> <!-- com.flipkart.FlipkartLogin -->
    </test> <!-- Default test -->
  </suite> <!-- Default suite -->
</testng-results>
